#
# A fatal error has been detected by the Java Runtime Environment:
#
#  EXCEPTION_ACCESS_VIOLATION (0xc0000005) at pc=0x00007ffe297f6730, pid=15312, tid=11856
#
# JRE version: Java(TM) SE Runtime Environment (12.0.2+10) (build 12.0.2+10)
# Java VM: Java HotSpot(TM) 64-Bit Server VM (12.0.2+10, mixed mode, sharing, tiered, compressed oops, g1 gc, windows-amd64)
# Problematic frame:
# C  [glass.dll+0x26730]
#
# No core dump will be written. Minidumps are not enabled by default on client versions of Windows
#
# If you would like to submit a bug report, please visit:
#   http://bugreport.java.com/bugreport/crash.jsp
#

---------------  S U M M A R Y ------------

Command Line: -agentlib:jdwp=transport=dt_socket,address=127.0.0.1:64821,suspend=y,server=n --add-modules=javafx.base,javafx.graphics --add-reads=javafx.base=ALL-UNNAMED --add-reads=javafx.graphics=ALL-UNNAMED -javaagent:C:\Users\danie\.IdeaIC2019.3\system\captureAgent\debugger-agent.jar -Dfile.encoding=UTF-8 --module-path=C:\Program Files\Java\javafx-sdk-11.0.2\lib\javafx.base.jar;C:\Program Files\Java\javafx-sdk-11.0.2\lib\javafx.graphics.jar;C:\Users\danie\IdeaProjects\MakeMyManual\out\production\MakeMyManual;C:\Program Files\Java\javafx-sdk-11.0.2\lib\javafx-swt.jar;C:\Program Files\Java\javafx-sdk-11.0.2\lib\javafx.controls.jar;C:\Program Files\Java\javafx-sdk-11.0.2\lib\javafx.fxml.jar;C:\Program Files\Java\javafx-sdk-11.0.2\lib\javafx.media.jar;C:\Program Files\Java\javafx-sdk-11.0.2\lib\javafx.swing.jar;C:\Program Files\Java\javafx-sdk-11.0.2\lib\javafx.web.jar -Djdk.module.main=MakeMyManual MakeMyManual/display.Main

Host: Intel(R) Core(TM) i7-10510U CPU @ 1.80GHz, 8 cores, 15G,  Windows 10 , 64 bit Build 18362 (10.0.18362.329)
Time: Fri Apr  3 11:08:04 2020 GMT Daylight Time elapsed time: 43 seconds (0d 0h 0m 43s)

---------------  T H R E A D  ---------------

Current thread (0x000001f4b7930000):  VMThread "VM Thread" [stack: 0x00000064fa000000,0x00000064fa100000] [id=11856]

Stack: [0x00000064fa000000,0x00000064fa100000],  sp=0x00000064fa0fea10,  free space=1018k
Native frames: (J=compiled Java code, j=interpreted, Vv=VM code, C=native code)
C  [glass.dll+0x26730]


siginfo: EXCEPTION_ACCESS_VIOLATION (0xc0000005), reading address 0x0000000000000000


Register to memory mapping:

RIP=0x00007ffe297f6730 glass.dll
RAX=0x0 is NULL
RBX=0x000001f4b7951a80 is a global jni handle
RCX=0x000001f4b7930000 points into unknown readable memory: e8 25 40 e3 fd 7f 00 00
RDX=0x00000064fa0fea10 points into unknown readable memory: 00 00 00 00 00 00 00 00
RSP=0x00000064fa0fea10 points into unknown readable memory: 00 00 00 00 00 00 00 00
RBP=0x000001f4b89422d8 points into unknown readable memory: 0e b7 50 1a 35 c6 00 00
RSI=0x000001f4b89422b0 points into unknown readable memory: 0e b7 e6 d7 6a 4c ff 1f
RDI=0x0000c6351a50b70e is an unknown value
R8 =0x0000000000010002 is an unknown value
R9 =0x0000c6351a50b70e is an unknown value
R10=0x0000000000008000 is an unknown value
R11=0x00000064fa0fe9b0 points into unknown readable memory: b0 22 94 b8 f4 01 00 00
R12=0x00007ffe297f3be0 glass.dll
R13=0x00000064fabfee40 is pointing into the stack for thread: 0x000001f4b8838800
R14=0x00000064fa0feb18 points into unknown readable memory: 00 eb 0f fa 64 00 00 00
R15=0x000001f4b89422b0 points into unknown readable memory: 0e b7 e6 d7 6a 4c ff 1f


Registers:
RAX=0x0000000000000000, RBX=0x000001f4b7951a80, RCX=0x000001f4b7930000, RDX=0x00000064fa0fea10
RSP=0x00000064fa0fea10, RBP=0x000001f4b89422d8, RSI=0x000001f4b89422b0, RDI=0x0000c6351a50b70e
R8 =0x0000000000010002, R9 =0x0000c6351a50b70e, R10=0x0000000000008000, R11=0x00000064fa0fe9b0
R12=0x00007ffe297f3be0, R13=0x00000064fabfee40, R14=0x00000064fa0feb18, R15=0x000001f4b89422b0
RIP=0x00007ffe297f6730, EFLAGS=0x0000000000010202

Top of Stack: (sp=0x00000064fa0fea10)
0x00000064fa0fea10:   0000000000000000 00007ffe4d3214cb
0x00000064fa0fea20:   000001f4b89422c0 000001f4b89422b0
0x00000064fa0fea30:   fffffffffffffffe 00007ffe2980a1a0
0x00000064fa0fea40:   000001f4b89422b8 00007ffe4d329d06
0x00000064fa0fea50:   000001f4b89422c0 000001f400000000
0x00000064fa0fea60:   0000000000000000 00007ffe4d329f46
0x00000064fa0fea70:   fffffffffffffffe 0000000000000000
0x00000064fa0fea80:   0000000000000001 00007ffe297d0000
0x00000064fa0fea90:   00000064fa0feb08 00007ffe4d329c2b
0x00000064fa0feaa0:   0000000000000000 00000064fa0feb18
0x00000064fa0feab0:   00000064fa0fedd0 00007ffe4d3fbc20
0x00000064fa0feac0:   0000000000000001 00007ffe4d329be4
0x00000064fa0fead0:   0000000000000000 0000000000000001
0x00000064fa0feae0:   0000000000000001 00000064fa0feb08
0x00000064fa0feaf0:   0000000000000000 00007ffe297f3a60
0x00000064fa0feb00:   00007ffe2980d100 00007ffe00000002 

Instructions: (pc=0x00007ffe297f6730)
0x00007ffe297f6630:   8b 4d 60 e8 d8 c9 ff ff 48 8b 55 68 48 8b 8d 08
0x00007ffe297f6640:   01 00 00 e8 a9 be ff ff 33 d2 33 c9 e8 a9 de ff
0x00007ffe297f6650:   ff 90 cc cc cc cc cc cc cc cc cc cc cc cc cc cc
0x00007ffe297f6660:   48 8d 8a 80 00 00 00 e9 14 ea fe ff 48 89 54 24
0x00007ffe297f6670:   10 55 48 83 ec 20 48 8b ea 48 8d 05 1d cb ff ff
0x00007ffe297f6680:   48 83 c4 20 5d c3 cc 40 55 48 8b ea 48 8b 01 33
0x00007ffe297f6690:   c9 81 38 05 00 00 c0 0f 94 c1 8b c1 5d c3 cc 40
0x00007ffe297f66a0:   55 48 83 ec 20 48 8b ea 8a 4d 40 48 83 c4 20 5d
0x00007ffe297f66b0:   e9 23 ce ff ff cc 40 55 48 83 ec 20 48 8b ea e8
0x00007ffe297f66c0:   3c cc ff ff 8a 4d 38 48 83 c4 20 5d e9 07 ce ff
0x00007ffe297f66d0:   ff cc 40 55 48 83 ec 30 48 8b ea 48 8b 01 8b 10
0x00007ffe297f66e0:   48 89 4c 24 28 89 54 24 20 4c 8d 0d d0 d1 ff ff
0x00007ffe297f66f0:   4c 8b 45 70 8b 55 68 48 8b 4d 60 e8 70 cb ff ff
0x00007ffe297f6700:   90 48 83 c4 30 5d c3 cc cc cc cc cc cc cc cc cc
0x00007ffe297f6710:   40 53 48 83 ec 30 48 c7 44 24 20 fe ff ff ff 48
0x00007ffe297f6720:   8b 1d ea 63 01 00 48 85 db 74 16 e8 90 86 ff ff
0x00007ffe297f6730:   4c 8b 00 48 8b d3 48 8b c8 41 ff 90 b0 00 00 00
0x00007ffe297f6740:   90 48 83 c4 30 5b c3 cc cc cc cc cc cc cc cc cc
0x00007ffe297f6750:   40 53 48 83 ec 20 48 8b 1d 4b 65 01 00 48 85 db
0x00007ffe297f6760:   74 57 b8 ff ff ff ff f0 0f c1 43 10 83 f8 01 75
0x00007ffe297f6770:   3d 48 85 db 74 38 48 8b 0b 48 85 c9 74 0d ff 15
0x00007ffe297f6780:   24 0b 00 00 48 c7 03 00 00 00 00 48 8b 4b 08 48
0x00007ffe297f6790:   85 c9 74 0d e8 77 c8 ff ff 48 c7 43 08 00 00 00
0x00007ffe297f67a0:   00 ba 18 00 00 00 48 8b cb e8 62 c8 ff ff 48 c7
0x00007ffe297f67b0:   05 ef 64 01 00 00 00 00 00 48 83 c4 20 5b c3 cc
0x00007ffe297f67c0:   40 53 48 83 ec 20 48 8b 1d bb 64 01 00 48 85 db
0x00007ffe297f67d0:   74 57 b8 ff ff ff ff f0 0f c1 43 10 83 f8 01 75
0x00007ffe297f67e0:   3d 48 85 db 74 38 48 8b 0b 48 85 c9 74 0d ff 15
0x00007ffe297f67f0:   b4 0a 00 00 48 c7 03 00 00 00 00 48 8b 4b 08 48
0x00007ffe297f6800:   85 c9 74 0d e8 07 c8 ff ff 48 c7 43 08 00 00 00
0x00007ffe297f6810:   00 ba 18 00 00 00 48 8b cb e8 f2 c7 ff ff 48 c7
0x00007ffe297f6820:   05 5f 64 01 00 00 00 00 00 48 83 c4 20 5b c3 cc 


Stack slot to memory mapping:
stack at sp + 0 slots: 0x0 is NULL
stack at sp + 1 slots: 0x00007ffe4d3214cb ucrtbase.dll
stack at sp + 2 slots: 0x000001f4b89422c0 points into unknown readable memory: 0e b7 50 1a 35 c6 00 00
stack at sp + 3 slots: 0x000001f4b89422b0 points into unknown readable memory: 0e b7 e6 d7 6a 4c ff 1f
stack at sp + 4 slots: 0xfffffffffffffffe is an unknown value
stack at sp + 5 slots: 0x00007ffe2980a1a0 glass.dll
stack at sp + 6 slots: 0x000001f4b89422b8 points into unknown readable memory: 0e b7 50 1a 35 c6 00 00
stack at sp + 7 slots: 0x00007ffe4d329d06 ucrtbase.dll

VM_Operation (0x00000064fabfee40): Exit, mode: safepoint, requested by thread 0x000001f4b8838800


---------------  P R O C E S S  ---------------

Threads class SMR info:
_java_thread_list=0x000001f4b8d64fb0, length=19, elements={
0x000001f49406d000, 0x000001f4b7930800, 0x000001f4b7934000, 0x000001f4b7954000,
0x000001f4b7955000, 0x000001f4b7958800, 0x000001f4b795d800, 0x000001f4b81f6800,
0x000001f4b81e0800, 0x000001f4b886e800, 0x000001f4b86c5000, 0x000001f4b8935800,
0x000001f4b8b8b000, 0x000001f4b8b86000, 0x000001f4bf75a000, 0x000001f4bf751800,
0x000001f4bf923800, 0x000001f4c55f6800, 0x000001f4b8838800
}

Java Threads: ( => current thread )
  0x000001f49406d000 JavaThread "main" [_thread_blocked, id=21944, stack(0x00000064f9a00000,0x00000064f9b00000)]
  0x000001f4b7930800 JavaThread "Reference Handler" daemon [_thread_blocked, id=7520, stack(0x00000064fa100000,0x00000064fa200000)]
  0x000001f4b7934000 JavaThread "Finalizer" daemon [_thread_blocked, id=22000, stack(0x00000064fa200000,0x00000064fa300000)]
  0x000001f4b7954000 JavaThread "Signal Dispatcher" daemon [_thread_blocked, id=16556, stack(0x00000064fa300000,0x00000064fa400000)]
  0x000001f4b7955000 JavaThread "Attach Listener" daemon [_thread_blocked, id=22332, stack(0x00000064fa400000,0x00000064fa500000)]
  0x000001f4b7958800 JavaThread "C2 CompilerThread0" daemon [_thread_blocked, id=8652, stack(0x00000064fa500000,0x00000064fa600000)]
  0x000001f4b795d800 JavaThread "C1 CompilerThread0" daemon [_thread_blocked, id=21508, stack(0x00000064fa600000,0x00000064fa700000)]
  0x000001f4b81f6800 JavaThread "Sweeper thread" daemon [_thread_blocked, id=21920, stack(0x00000064fa700000,0x00000064fa800000)]
  0x000001f4b81e0800 JavaThread "Common-Cleaner" daemon [_thread_blocked, id=20000, stack(0x00000064fa800000,0x00000064fa900000)]
  0x000001f4b886e800 JavaThread "JDWP Event Helper Thread" daemon [_thread_blocked, id=7000, stack(0x00000064fac00000,0x00000064fad00000)]
  0x000001f4b86c5000 JavaThread "Service Thread" daemon [_thread_blocked, id=21236, stack(0x00000064fa900000,0x00000064faa00000)]
  0x000001f4b8935800 JavaThread "QuantumRenderer-0" daemon [_thread_blocked, id=6592, stack(0x00000064fae00000,0x00000064faf00000)]
  0x000001f4b8b8b000 JavaThread "InvokeLaterDispatcher" daemon [_thread_blocked, id=3256, stack(0x00000064faf00000,0x00000064fb000000)]
  0x000001f4b8b86000 JavaThread "JavaFX Application Thread" [_thread_blocked, id=20872, stack(0x00000064fb000000,0x00000064fb100000)]
  0x000001f4bf75a000 JavaThread "Thread-1" daemon [_thread_in_native, id=15244, stack(0x00000064fb400000,0x00000064fb500000)]
  0x000001f4bf751800 JavaThread "JavaFX-Launcher" [_thread_blocked, id=17128, stack(0x00000064fb500000,0x00000064fb600000)]
  0x000001f4bf923800 JavaThread "Prism Font Disposer" daemon [_thread_blocked, id=9772, stack(0x00000064fbf00000,0x00000064fc000000)]
  0x000001f4c55f6800 JavaThread "Cleaner-0" daemon [_thread_blocked, id=21328, stack(0x00000064fc100000,0x00000064fc200000)]
  0x000001f4b8838800 JavaThread "SIGINT handler" daemon [_thread_blocked, id=22180, stack(0x00000064fab00000,0x00000064fac00000)]

Other Threads:
=>0x000001f4b7930000 VMThread "VM Thread" [stack: 0x00000064fa000000,0x00000064fa100000] [id=11856]
  0x000001f4940d0800 GCTaskThread "GC Thread#0" [stack: 0x00000064f9b00000,0x00000064f9c00000] [id=15464]
  0x000001f4bf752800 GCTaskThread "GC Thread#1" [stack: 0x00000064fb600000,0x00000064fb700000] [id=1840]
  0x000001f4bf753800 GCTaskThread "GC Thread#2" [stack: 0x00000064fb700000,0x00000064fb800000] [id=21148]
  0x000001f4b8e41800 GCTaskThread "GC Thread#3" [stack: 0x00000064fb800000,0x00000064fb900000] [id=7720]
  0x000001f4b8e42000 GCTaskThread "GC Thread#4" [stack: 0x00000064fb900000,0x00000064fba00000] [id=20316]
  0x000001f4bf7a9000 GCTaskThread "GC Thread#5" [stack: 0x00000064fba00000,0x00000064fbb00000] [id=15036]
  0x000001f4940e9800 ConcurrentGCThread "G1 Main Marker" [stack: 0x00000064f9c00000,0x00000064f9d00000] [id=17724]
  0x000001f4940ef800 ConcurrentGCThread "G1 Conc#0" [stack: 0x00000064f9d00000,0x00000064f9e00000] [id=15272]
  0x000001f4b7830000 ConcurrentGCThread "G1 Refine#0" [stack: 0x00000064f9e00000,0x00000064f9f00000] [id=15676]
  0x000001f4b7831000 ConcurrentGCThread "G1 Young RemSet Sampling" [stack: 0x00000064f9f00000,0x00000064fa000000] [id=19616]

Threads with active compile tasks:

VM state:at safepoint (shutting down)

VM Mutex/Monitor currently owned by a thread:  ([mutex/lock_event])
[0x000001f494068cf0] Threads_lock - owner thread: 0x000001f4b7930000

Heap address: 0x0000000703600000, size: 4042 MB, Compressed Oops mode: Zero based, Oop shift amount: 3
Narrow klass base: 0x0000000800000000, Narrow klass shift: 3
Compressed class space size: 1073741824 Address: 0x0000000801190000

Heap:
 garbage-first heap   total 260096K, used 64491K [0x0000000703600000, 0x0000000800000000)
  region size 1024K, 62 young (63488K), 3 survivors (3072K)
 Metaspace       used 16709K, capacity 18468K, committed 18688K, reserved 1064960K
  class space    used 2382K, capacity 2799K, committed 2816K, reserved 1048576K
Heap Regions: E=young(eden), S=young(survivor), O=old, HS=humongous(starts), HC=humongous(continues), CS=collection set, F=free, A=archive, TAMS=top-at-mark-start (previous, next)
|   0|0x0000000703600000, 0x0000000703700000, 0x0000000703700000|100%|HS|  |TAMS 0x0000000703600000, 0x0000000703600000| Complete 
|   1|0x0000000703700000, 0x0000000703800000, 0x0000000703800000|100%|HC|  |TAMS 0x0000000703700000, 0x0000000703700000| Complete 
|   2|0x0000000703800000, 0x0000000703800000, 0x0000000703900000|  0%| F|  |TAMS 0x0000000703800000, 0x0000000703800000| Untracked 
|   3|0x0000000703900000, 0x0000000703900000, 0x0000000703a00000|  0%| F|  |TAMS 0x0000000703900000, 0x0000000703900000| Untracked 
|   4|0x0000000703a00000, 0x0000000703a00000, 0x0000000703b00000|  0%| F|  |TAMS 0x0000000703a00000, 0x0000000703a00000| Untracked 
|   5|0x0000000703b00000, 0x0000000703b00000, 0x0000000703c00000|  0%| F|  |TAMS 0x0000000703b00000, 0x0000000703b00000| Untracked 
|   6|0x0000000703c00000, 0x0000000703c00000, 0x0000000703d00000|  0%| F|  |TAMS 0x0000000703c00000, 0x0000000703c00000| Untracked 
|   7|0x0000000703d00000, 0x0000000703d00000, 0x0000000703e00000|  0%| F|  |TAMS 0x0000000703d00000, 0x0000000703d00000| Untracked 
|   8|0x0000000703e00000, 0x0000000703e00000, 0x0000000703f00000|  0%| F|  |TAMS 0x0000000703e00000, 0x0000000703e00000| Untracked 
|   9|0x0000000703f00000, 0x0000000703f00000, 0x0000000704000000|  0%| F|  |TAMS 0x0000000703f00000, 0x0000000703f00000| Untracked 
|  10|0x0000000704000000, 0x0000000704000000, 0x0000000704100000|  0%| F|  |TAMS 0x0000000704000000, 0x0000000704000000| Untracked 
|  11|0x0000000704100000, 0x0000000704100000, 0x0000000704200000|  0%| F|  |TAMS 0x0000000704100000, 0x0000000704100000| Untracked 
|  12|0x0000000704200000, 0x0000000704200000, 0x0000000704300000|  0%| F|  |TAMS 0x0000000704200000, 0x0000000704200000| Untracked 
|  13|0x0000000704300000, 0x0000000704300000, 0x0000000704400000|  0%| F|  |TAMS 0x0000000704300000, 0x0000000704300000| Untracked 
|  14|0x0000000704400000, 0x0000000704400000, 0x0000000704500000|  0%| F|  |TAMS 0x0000000704400000, 0x0000000704400000| Untracked 
|  15|0x0000000704500000, 0x0000000704500000, 0x0000000704600000|  0%| F|  |TAMS 0x0000000704500000, 0x0000000704500000| Untracked 
|  16|0x0000000704600000, 0x0000000704600000, 0x0000000704700000|  0%| F|  |TAMS 0x0000000704600000, 0x0000000704600000| Untracked 
|  17|0x0000000704700000, 0x0000000704700000, 0x0000000704800000|  0%| F|  |TAMS 0x0000000704700000, 0x0000000704700000| Untracked 
|  18|0x0000000704800000, 0x0000000704800000, 0x0000000704900000|  0%| F|  |TAMS 0x0000000704800000, 0x0000000704800000| Untracked 
|  19|0x0000000704900000, 0x0000000704900000, 0x0000000704a00000|  0%| F|  |TAMS 0x0000000704900000, 0x0000000704900000| Untracked 
|  20|0x0000000704a00000, 0x0000000704a00000, 0x0000000704b00000|  0%| F|  |TAMS 0x0000000704a00000, 0x0000000704a00000| Untracked 
|  21|0x0000000704b00000, 0x0000000704b00000, 0x0000000704c00000|  0%| F|  |TAMS 0x0000000704b00000, 0x0000000704b00000| Untracked 
|  22|0x0000000704c00000, 0x0000000704c00000, 0x0000000704d00000|  0%| F|  |TAMS 0x0000000704c00000, 0x0000000704c00000| Untracked 
|  23|0x0000000704d00000, 0x0000000704d00000, 0x0000000704e00000|  0%| F|  |TAMS 0x0000000704d00000, 0x0000000704d00000| Untracked 
|  24|0x0000000704e00000, 0x0000000704e00000, 0x0000000704f00000|  0%| F|  |TAMS 0x0000000704e00000, 0x0000000704e00000| Untracked 
|  25|0x0000000704f00000, 0x0000000704f00000, 0x0000000705000000|  0%| F|  |TAMS 0x0000000704f00000, 0x0000000704f00000| Untracked 
|  26|0x0000000705000000, 0x0000000705000000, 0x0000000705100000|  0%| F|  |TAMS 0x0000000705000000, 0x0000000705000000| Untracked 
|  27|0x0000000705100000, 0x0000000705100000, 0x0000000705200000|  0%| F|  |TAMS 0x0000000705100000, 0x0000000705100000| Untracked 
|  28|0x0000000705200000, 0x0000000705200000, 0x0000000705300000|  0%| F|  |TAMS 0x0000000705200000, 0x0000000705200000| Untracked 
|  29|0x0000000705300000, 0x0000000705300000, 0x0000000705400000|  0%| F|  |TAMS 0x0000000705300000, 0x0000000705300000| Untracked 
|  30|0x0000000705400000, 0x0000000705400000, 0x0000000705500000|  0%| F|  |TAMS 0x0000000705400000, 0x0000000705400000| Untracked 
|  31|0x0000000705500000, 0x0000000705500000, 0x0000000705600000|  0%| F|  |TAMS 0x0000000705500000, 0x0000000705500000| Untracked 
|  32|0x0000000705600000, 0x0000000705600000, 0x0000000705700000|  0%| F|  |TAMS 0x0000000705600000, 0x0000000705600000| Untracked 
|  33|0x0000000705700000, 0x0000000705700000, 0x0000000705800000|  0%| F|  |TAMS 0x0000000705700000, 0x0000000705700000| Untracked 
|  34|0x0000000705800000, 0x0000000705800000, 0x0000000705900000|  0%| F|  |TAMS 0x0000000705800000, 0x0000000705800000| Untracked 
|  35|0x0000000705900000, 0x0000000705900000, 0x0000000705a00000|  0%| F|  |TAMS 0x0000000705900000, 0x0000000705900000| Untracked 
|  36|0x0000000705a00000, 0x0000000705a00000, 0x0000000705b00000|  0%| F|  |TAMS 0x0000000705a00000, 0x0000000705a00000| Untracked 
|  37|0x0000000705b00000, 0x0000000705b00000, 0x0000000705c00000|  0%| F|  |TAMS 0x0000000705b00000, 0x0000000705b00000| Untracked 
|  38|0x0000000705c00000, 0x0000000705c00000, 0x0000000705d00000|  0%| F|  |TAMS 0x0000000705c00000, 0x0000000705c00000| Untracked 
|  39|0x0000000705d00000, 0x0000000705d00000, 0x0000000705e00000|  0%| F|  |TAMS 0x0000000705d00000, 0x0000000705d00000| Untracked 
|  40|0x0000000705e00000, 0x0000000705e00000, 0x0000000705f00000|  0%| F|  |TAMS 0x0000000705e00000, 0x0000000705e00000| Untracked 
|  41|0x0000000705f00000, 0x0000000705f00000, 0x0000000706000000|  0%| F|  |TAMS 0x0000000705f00000, 0x0000000705f00000| Untracked 
|  42|0x0000000706000000, 0x0000000706000000, 0x0000000706100000|  0%| F|  |TAMS 0x0000000706000000, 0x0000000706000000| Untracked 
|  43|0x0000000706100000, 0x0000000706100000, 0x0000000706200000|  0%| F|  |TAMS 0x0000000706100000, 0x0000000706100000| Untracked 
|  44|0x0000000706200000, 0x0000000706200000, 0x0000000706300000|  0%| F|  |TAMS 0x0000000706200000, 0x0000000706200000| Untracked 
|  45|0x0000000706300000, 0x0000000706300000, 0x0000000706400000|  0%| F|  |TAMS 0x0000000706300000, 0x0000000706300000| Untracked 
|  46|0x0000000706400000, 0x0000000706400000, 0x0000000706500000|  0%| F|  |TAMS 0x0000000706400000, 0x0000000706400000| Untracked 
|  47|0x0000000706500000, 0x0000000706500000, 0x0000000706600000|  0%| F|  |TAMS 0x0000000706500000, 0x0000000706500000| Untracked 
|  48|0x0000000706600000, 0x0000000706600000, 0x0000000706700000|  0%| F|  |TAMS 0x0000000706600000, 0x0000000706600000| Untracked 
|  49|0x0000000706700000, 0x0000000706700000, 0x0000000706800000|  0%| F|  |TAMS 0x0000000706700000, 0x0000000706700000| Untracked 
|  50|0x0000000706800000, 0x0000000706800000, 0x0000000706900000|  0%| F|  |TAMS 0x0000000706800000, 0x0000000706800000| Untracked 
|  51|0x0000000706900000, 0x0000000706900000, 0x0000000706a00000|  0%| F|  |TAMS 0x0000000706900000, 0x0000000706900000| Untracked 
|  52|0x0000000706a00000, 0x0000000706a00000, 0x0000000706b00000|  0%| F|  |TAMS 0x0000000706a00000, 0x0000000706a00000| Untracked 
|  53|0x0000000706b00000, 0x0000000706b00000, 0x0000000706c00000|  0%| F|  |TAMS 0x0000000706b00000, 0x0000000706b00000| Untracked 
|  54|0x0000000706c00000, 0x0000000706c00000, 0x0000000706d00000|  0%| F|  |TAMS 0x0000000706c00000, 0x0000000706c00000| Untracked 
|  55|0x0000000706d00000, 0x0000000706d00000, 0x0000000706e00000|  0%| F|  |TAMS 0x0000000706d00000, 0x0000000706d00000| Untracked 
|  56|0x0000000706e00000, 0x0000000706e00000, 0x0000000706f00000|  0%| F|  |TAMS 0x0000000706e00000, 0x0000000706e00000| Untracked 
|  57|0x0000000706f00000, 0x0000000706f00000, 0x0000000707000000|  0%| F|  |TAMS 0x0000000706f00000, 0x0000000706f00000| Untracked 
|  58|0x0000000707000000, 0x0000000707000000, 0x0000000707100000|  0%| F|  |TAMS 0x0000000707000000, 0x0000000707000000| Untracked 
|  59|0x0000000707100000, 0x0000000707100000, 0x0000000707200000|  0%| F|  |TAMS 0x0000000707100000, 0x0000000707100000| Untracked 
|  60|0x0000000707200000, 0x0000000707200000, 0x0000000707300000|  0%| F|  |TAMS 0x0000000707200000, 0x0000000707200000| Untracked 
|  61|0x0000000707300000, 0x0000000707300000, 0x0000000707400000|  0%| F|  |TAMS 0x0000000707300000, 0x0000000707300000| Untracked 
|  62|0x0000000707400000, 0x0000000707400000, 0x0000000707500000|  0%| F|  |TAMS 0x0000000707400000, 0x0000000707400000| Untracked 
|  63|0x0000000707500000, 0x0000000707500000, 0x0000000707600000|  0%| F|  |TAMS 0x0000000707500000, 0x0000000707500000| Untracked 
|  64|0x0000000707600000, 0x0000000707600000, 0x0000000707700000|  0%| F|  |TAMS 0x0000000707600000, 0x0000000707600000| Untracked 
|  65|0x0000000707700000, 0x0000000707700000, 0x0000000707800000|  0%| F|  |TAMS 0x0000000707700000, 0x0000000707700000| Untracked 
|  66|0x0000000707800000, 0x0000000707800000, 0x0000000707900000|  0%| F|  |TAMS 0x0000000707800000, 0x0000000707800000| Untracked 
|  67|0x0000000707900000, 0x0000000707900000, 0x0000000707a00000|  0%| F|  |TAMS 0x0000000707900000, 0x0000000707900000| Untracked 
|  68|0x0000000707a00000, 0x0000000707a00000, 0x0000000707b00000|  0%| F|  |TAMS 0x0000000707a00000, 0x0000000707a00000| Untracked 
|  69|0x0000000707b00000, 0x0000000707b00000, 0x0000000707c00000|  0%| F|  |TAMS 0x0000000707b00000, 0x0000000707b00000| Untracked 
|  70|0x0000000707c00000, 0x0000000707c00000, 0x0000000707d00000|  0%| F|  |TAMS 0x0000000707c00000, 0x0000000707c00000| Untracked 
|  71|0x0000000707d00000, 0x0000000707d00000, 0x0000000707e00000|  0%| F|  |TAMS 0x0000000707d00000, 0x0000000707d00000| Untracked 
|  72|0x0000000707e00000, 0x0000000707e00000, 0x0000000707f00000|  0%| F|  |TAMS 0x0000000707e00000, 0x0000000707e00000| Untracked 
|  73|0x0000000707f00000, 0x0000000707f00000, 0x0000000708000000|  0%| F|  |TAMS 0x0000000707f00000, 0x0000000707f00000| Untracked 
|  74|0x0000000708000000, 0x0000000708000000, 0x0000000708100000|  0%| F|  |TAMS 0x0000000708000000, 0x0000000708000000| Untracked 
|  75|0x0000000708100000, 0x0000000708100000, 0x0000000708200000|  0%| F|  |TAMS 0x0000000708100000, 0x0000000708100000| Untracked 
|  76|0x0000000708200000, 0x0000000708200000, 0x0000000708300000|  0%| F|  |TAMS 0x0000000708200000, 0x0000000708200000| Untracked 
|  77|0x0000000708300000, 0x0000000708300000, 0x0000000708400000|  0%| F|  |TAMS 0x0000000708300000, 0x0000000708300000| Untracked 
|  78|0x0000000708400000, 0x0000000708400000, 0x0000000708500000|  0%| F|  |TAMS 0x0000000708400000, 0x0000000708400000| Untracked 
|  79|0x0000000708500000, 0x0000000708500000, 0x0000000708600000|  0%| F|  |TAMS 0x0000000708500000, 0x0000000708500000| Untracked 
|  80|0x0000000708600000, 0x0000000708600000, 0x0000000708700000|  0%| F|  |TAMS 0x0000000708600000, 0x0000000708600000| Untracked 
|  81|0x0000000708700000, 0x0000000708700000, 0x0000000708800000|  0%| F|  |TAMS 0x0000000708700000, 0x0000000708700000| Untracked 
|  82|0x0000000708800000, 0x0000000708800000, 0x0000000708900000|  0%| F|  |TAMS 0x0000000708800000, 0x0000000708800000| Untracked 
|  83|0x0000000708900000, 0x0000000708900000, 0x0000000708a00000|  0%| F|  |TAMS 0x0000000708900000, 0x0000000708900000| Untracked 
|  84|0x0000000708a00000, 0x0000000708a00000, 0x0000000708b00000|  0%| F|  |TAMS 0x0000000708a00000, 0x0000000708a00000| Untracked 
|  85|0x0000000708b00000, 0x0000000708b00000, 0x0000000708c00000|  0%| F|  |TAMS 0x0000000708b00000, 0x0000000708b00000| Untracked 
|  86|0x0000000708c00000, 0x0000000708c00000, 0x0000000708d00000|  0%| F|  |TAMS 0x0000000708c00000, 0x0000000708c00000| Untracked 
|  87|0x0000000708d00000, 0x0000000708d00000, 0x0000000708e00000|  0%| F|  |TAMS 0x0000000708d00000, 0x0000000708d00000| Untracked 
|  88|0x0000000708e00000, 0x0000000708e00000, 0x0000000708f00000|  0%| F|  |TAMS 0x0000000708e00000, 0x0000000708e00000| Untracked 
|  89|0x0000000708f00000, 0x0000000708f00000, 0x0000000709000000|  0%| F|  |TAMS 0x0000000708f00000, 0x0000000708f00000| Untracked 
|  90|0x0000000709000000, 0x0000000709000000, 0x0000000709100000|  0%| F|  |TAMS 0x0000000709000000, 0x0000000709000000| Untracked 
|  91|0x0000000709100000, 0x0000000709100000, 0x0000000709200000|  0%| F|  |TAMS 0x0000000709100000, 0x0000000709100000| Untracked 
|  92|0x0000000709200000, 0x0000000709200000, 0x0000000709300000|  0%| F|  |TAMS 0x0000000709200000, 0x0000000709200000| Untracked 
|  93|0x0000000709300000, 0x0000000709300000, 0x0000000709400000|  0%| F|  |TAMS 0x0000000709300000, 0x0000000709300000| Untracked 
|  94|0x0000000709400000, 0x0000000709400000, 0x0000000709500000|  0%| F|  |TAMS 0x0000000709400000, 0x0000000709400000| Untracked 
|  95|0x0000000709500000, 0x0000000709500000, 0x0000000709600000|  0%| F|  |TAMS 0x0000000709500000, 0x0000000709500000| Untracked 
|  96|0x0000000709600000, 0x0000000709600000, 0x0000000709700000|  0%| F|  |TAMS 0x0000000709600000, 0x0000000709600000| Untracked 
|  97|0x0000000709700000, 0x0000000709700000, 0x0000000709800000|  0%| F|  |TAMS 0x0000000709700000, 0x0000000709700000| Untracked 
|  98|0x0000000709800000, 0x0000000709800000, 0x0000000709900000|  0%| F|  |TAMS 0x0000000709800000, 0x0000000709800000| Untracked 
|  99|0x0000000709900000, 0x0000000709900000, 0x0000000709a00000|  0%| F|  |TAMS 0x0000000709900000, 0x0000000709900000| Untracked 
| 100|0x0000000709a00000, 0x0000000709a00000, 0x0000000709b00000|  0%| F|  |TAMS 0x0000000709a00000, 0x0000000709a00000| Untracked 
| 101|0x0000000709b00000, 0x0000000709b00000, 0x0000000709c00000|  0%| F|  |TAMS 0x0000000709b00000, 0x0000000709b00000| Untracked 
| 102|0x0000000709c00000, 0x0000000709c00000, 0x0000000709d00000|  0%| F|  |TAMS 0x0000000709c00000, 0x0000000709c00000| Untracked 
| 103|0x0000000709d00000, 0x0000000709d00000, 0x0000000709e00000|  0%| F|  |TAMS 0x0000000709d00000, 0x0000000709d00000| Untracked 
| 104|0x0000000709e00000, 0x0000000709e00000, 0x0000000709f00000|  0%| F|  |TAMS 0x0000000709e00000, 0x0000000709e00000| Untracked 
| 105|0x0000000709f00000, 0x0000000709f00000, 0x000000070a000000|  0%| F|  |TAMS 0x0000000709f00000, 0x0000000709f00000| Untracked 
| 106|0x000000070a000000, 0x000000070a000000, 0x000000070a100000|  0%| F|  |TAMS 0x000000070a000000, 0x000000070a000000| Untracked 
| 107|0x000000070a100000, 0x000000070a100000, 0x000000070a200000|  0%| F|  |TAMS 0x000000070a100000, 0x000000070a100000| Untracked 
| 108|0x000000070a200000, 0x000000070a200000, 0x000000070a300000|  0%| F|  |TAMS 0x000000070a200000, 0x000000070a200000| Untracked 
| 109|0x000000070a300000, 0x000000070a300000, 0x000000070a400000|  0%| F|  |TAMS 0x000000070a300000, 0x000000070a300000| Untracked 
| 110|0x000000070a400000, 0x000000070a400000, 0x000000070a500000|  0%| F|  |TAMS 0x000000070a400000, 0x000000070a400000| Untracked 
| 111|0x000000070a500000, 0x000000070a500000, 0x000000070a600000|  0%| F|  |TAMS 0x000000070a500000, 0x000000070a500000| Untracked 
| 112|0x000000070a600000, 0x000000070a600000, 0x000000070a700000|  0%| F|  |TAMS 0x000000070a600000, 0x000000070a600000| Untracked 
| 113|0x000000070a700000, 0x000000070a700000, 0x000000070a800000|  0%| F|  |TAMS 0x000000070a700000, 0x000000070a700000| Untracked 
| 114|0x000000070a800000, 0x000000070a800000, 0x000000070a900000|  0%| F|  |TAMS 0x000000070a800000, 0x000000070a800000| Untracked 
| 115|0x000000070a900000, 0x000000070a900000, 0x000000070aa00000|  0%| F|  |TAMS 0x000000070a900000, 0x000000070a900000| Untracked 
| 116|0x000000070aa00000, 0x000000070aa00000, 0x000000070ab00000|  0%| F|  |TAMS 0x000000070aa00000, 0x000000070aa00000| Untracked 
| 117|0x000000070ab00000, 0x000000070ab00000, 0x000000070ac00000|  0%| F|  |TAMS 0x000000070ab00000, 0x000000070ab00000| Untracked 
| 118|0x000000070ac00000, 0x000000070ac00000, 0x000000070ad00000|  0%| F|  |TAMS 0x000000070ac00000, 0x000000070ac00000| Untracked 
| 119|0x000000070ad00000, 0x000000070ad00000, 0x000000070ae00000|  0%| F|  |TAMS 0x000000070ad00000, 0x000000070ad00000| Untracked 
| 120|0x000000070ae00000, 0x000000070ae00000, 0x000000070af00000|  0%| F|  |TAMS 0x000000070ae00000, 0x000000070ae00000| Untracked 
| 121|0x000000070af00000, 0x000000070af00000, 0x000000070b000000|  0%| F|  |TAMS 0x000000070af00000, 0x000000070af00000| Untracked 
| 122|0x000000070b000000, 0x000000070b000000, 0x000000070b100000|  0%| F|  |TAMS 0x000000070b000000, 0x000000070b000000| Untracked 
| 123|0x000000070b100000, 0x000000070b100000, 0x000000070b200000|  0%| F|  |TAMS 0x000000070b100000, 0x000000070b100000| Untracked 
| 124|0x000000070b200000, 0x000000070b200000, 0x000000070b300000|  0%| F|  |TAMS 0x000000070b200000, 0x000000070b200000| Untracked 
| 125|0x000000070b300000, 0x000000070b300000, 0x000000070b400000|  0%| F|  |TAMS 0x000000070b300000, 0x000000070b300000| Untracked 
| 126|0x000000070b400000, 0x000000070b400000, 0x000000070b500000|  0%| F|  |TAMS 0x000000070b400000, 0x000000070b400000| Untracked 
| 127|0x000000070b500000, 0x000000070b500000, 0x000000070b600000|  0%| F|  |TAMS 0x000000070b500000, 0x000000070b500000| Untracked 
| 128|0x000000070b600000, 0x000000070b600000, 0x000000070b700000|  0%| F|  |TAMS 0x000000070b600000, 0x000000070b600000| Untracked 
| 129|0x000000070b700000, 0x000000070b700000, 0x000000070b800000|  0%| F|  |TAMS 0x000000070b700000, 0x000000070b700000| Untracked 
| 130|0x000000070b800000, 0x000000070b800000, 0x000000070b900000|  0%| F|  |TAMS 0x000000070b800000, 0x000000070b800000| Untracked 
| 131|0x000000070b900000, 0x000000070b900000, 0x000000070ba00000|  0%| F|  |TAMS 0x000000070b900000, 0x000000070b900000| Untracked 
| 132|0x000000070ba00000, 0x000000070ba00000, 0x000000070bb00000|  0%| F|  |TAMS 0x000000070ba00000, 0x000000070ba00000| Untracked 
| 133|0x000000070bb00000, 0x000000070bb00000, 0x000000070bc00000|  0%| F|  |TAMS 0x000000070bb00000, 0x000000070bb00000| Untracked 
| 134|0x000000070bc00000, 0x000000070bc00000, 0x000000070bd00000|  0%| F|  |TAMS 0x000000070bc00000, 0x000000070bc00000| Untracked 
| 135|0x000000070bd00000, 0x000000070bd00000, 0x000000070be00000|  0%| F|  |TAMS 0x000000070bd00000, 0x000000070bd00000| Untracked 
| 136|0x000000070be00000, 0x000000070be00000, 0x000000070bf00000|  0%| F|  |TAMS 0x000000070be00000, 0x000000070be00000| Untracked 
| 137|0x000000070bf00000, 0x000000070bf00000, 0x000000070c000000|  0%| F|  |TAMS 0x000000070bf00000, 0x000000070bf00000| Untracked 
| 138|0x000000070c000000, 0x000000070c000000, 0x000000070c100000|  0%| F|  |TAMS 0x000000070c000000, 0x000000070c000000| Untracked 
| 139|0x000000070c100000, 0x000000070c100000, 0x000000070c200000|  0%| F|  |TAMS 0x000000070c100000, 0x000000070c100000| Untracked 
| 140|0x000000070c200000, 0x000000070c200000, 0x000000070c300000|  0%| F|  |TAMS 0x000000070c200000, 0x000000070c200000| Untracked 
| 141|0x000000070c300000, 0x000000070c300000, 0x000000070c400000|  0%| F|  |TAMS 0x000000070c300000, 0x000000070c300000| Untracked 
| 142|0x000000070c400000, 0x000000070c400000, 0x000000070c500000|  0%| F|  |TAMS 0x000000070c400000, 0x000000070c400000| Untracked 
| 143|0x000000070c500000, 0x000000070c500000, 0x000000070c600000|  0%| F|  |TAMS 0x000000070c500000, 0x000000070c500000| Untracked 
| 144|0x000000070c600000, 0x000000070c600000, 0x000000070c700000|  0%| F|  |TAMS 0x000000070c600000, 0x000000070c600000| Untracked 
| 145|0x000000070c700000, 0x000000070c700000, 0x000000070c800000|  0%| F|  |TAMS 0x000000070c700000, 0x000000070c700000| Untracked 
| 146|0x000000070c800000, 0x000000070c800000, 0x000000070c900000|  0%| F|  |TAMS 0x000000070c800000, 0x000000070c800000| Untracked 
| 147|0x000000070c900000, 0x000000070c900000, 0x000000070ca00000|  0%| F|  |TAMS 0x000000070c900000, 0x000000070c900000| Untracked 
| 148|0x000000070ca00000, 0x000000070ca00000, 0x000000070cb00000|  0%| F|  |TAMS 0x000000070ca00000, 0x000000070ca00000| Untracked 
| 149|0x000000070cb00000, 0x000000070cb00000, 0x000000070cc00000|  0%| F|  |TAMS 0x000000070cb00000, 0x000000070cb00000| Untracked 
| 150|0x000000070cc00000, 0x000000070cc00000, 0x000000070cd00000|  0%| F|  |TAMS 0x000000070cc00000, 0x000000070cc00000| Untracked 
| 151|0x000000070cd00000, 0x000000070cd00000, 0x000000070ce00000|  0%| F|  |TAMS 0x000000070cd00000, 0x000000070cd00000| Untracked 
| 152|0x000000070ce00000, 0x000000070ce00000, 0x000000070cf00000|  0%| F|  |TAMS 0x000000070ce00000, 0x000000070ce00000| Untracked 
| 153|0x000000070cf00000, 0x000000070cf00000, 0x000000070d000000|  0%| F|  |TAMS 0x000000070cf00000, 0x000000070cf00000| Untracked 
| 154|0x000000070d000000, 0x000000070d000000, 0x000000070d100000|  0%| F|  |TAMS 0x000000070d000000, 0x000000070d000000| Untracked 
| 155|0x000000070d100000, 0x000000070d100000, 0x000000070d200000|  0%| F|  |TAMS 0x000000070d100000, 0x000000070d100000| Untracked 
| 156|0x000000070d200000, 0x000000070d200000, 0x000000070d300000|  0%| F|  |TAMS 0x000000070d200000, 0x000000070d200000| Untracked 
| 157|0x000000070d300000, 0x000000070d300000, 0x000000070d400000|  0%| F|  |TAMS 0x000000070d300000, 0x000000070d300000| Untracked 
| 158|0x000000070d400000, 0x000000070d400000, 0x000000070d500000|  0%| F|  |TAMS 0x000000070d400000, 0x000000070d400000| Untracked 
| 159|0x000000070d500000, 0x000000070d500000, 0x000000070d600000|  0%| F|  |TAMS 0x000000070d500000, 0x000000070d500000| Untracked 
| 160|0x000000070d600000, 0x000000070d600000, 0x000000070d700000|  0%| F|  |TAMS 0x000000070d600000, 0x000000070d600000| Untracked 
| 161|0x000000070d700000, 0x000000070d700000, 0x000000070d800000|  0%| F|  |TAMS 0x000000070d700000, 0x000000070d700000| Untracked 
| 162|0x000000070d800000, 0x000000070d800000, 0x000000070d900000|  0%| F|  |TAMS 0x000000070d800000, 0x000000070d800000| Untracked 
| 163|0x000000070d900000, 0x000000070d900000, 0x000000070da00000|  0%| F|  |TAMS 0x000000070d900000, 0x000000070d900000| Untracked 
| 164|0x000000070da00000, 0x000000070da00000, 0x000000070db00000|  0%| F|  |TAMS 0x000000070da00000, 0x000000070da00000| Untracked 
| 165|0x000000070db00000, 0x000000070db00000, 0x000000070dc00000|  0%| F|  |TAMS 0x000000070db00000, 0x000000070db00000| Untracked 
| 166|0x000000070dc00000, 0x000000070dc00000, 0x000000070dd00000|  0%| F|  |TAMS 0x000000070dc00000, 0x000000070dc00000| Untracked 
| 167|0x000000070dd00000, 0x000000070dd00000, 0x000000070de00000|  0%| F|  |TAMS 0x000000070dd00000, 0x000000070dd00000| Untracked 
| 168|0x000000070de00000, 0x000000070de00000, 0x000000070df00000|  0%| F|  |TAMS 0x000000070de00000, 0x000000070de00000| Untracked 
| 169|0x000000070df00000, 0x000000070df00000, 0x000000070e000000|  0%| F|  |TAMS 0x000000070df00000, 0x000000070df00000| Untracked 
| 170|0x000000070e000000, 0x000000070e000000, 0x000000070e100000|  0%| F|  |TAMS 0x000000070e000000, 0x000000070e000000| Untracked 
| 171|0x000000070e100000, 0x000000070e100000, 0x000000070e200000|  0%| F|  |TAMS 0x000000070e100000, 0x000000070e100000| Untracked 
| 172|0x000000070e200000, 0x000000070e200000, 0x000000070e300000|  0%| F|  |TAMS 0x000000070e200000, 0x000000070e200000| Untracked 
| 173|0x000000070e300000, 0x000000070e300000, 0x000000070e400000|  0%| F|  |TAMS 0x000000070e300000, 0x000000070e300000| Untracked 
| 174|0x000000070e400000, 0x000000070e400000, 0x000000070e500000|  0%| F|  |TAMS 0x000000070e400000, 0x000000070e400000| Untracked 
| 175|0x000000070e500000, 0x000000070e500000, 0x000000070e600000|  0%| F|  |TAMS 0x000000070e500000, 0x000000070e500000| Untracked 
| 176|0x000000070e600000, 0x000000070e600000, 0x000000070e700000|  0%| F|  |TAMS 0x000000070e600000, 0x000000070e600000| Untracked 
| 177|0x000000070e700000, 0x000000070e700000, 0x000000070e800000|  0%| F|  |TAMS 0x000000070e700000, 0x000000070e700000| Untracked 
| 178|0x000000070e800000, 0x000000070e800000, 0x000000070e900000|  0%| F|  |TAMS 0x000000070e800000, 0x000000070e800000| Untracked 
| 179|0x000000070e900000, 0x000000070e900000, 0x000000070ea00000|  0%| F|  |TAMS 0x000000070e900000, 0x000000070e900000| Untracked 
| 180|0x000000070ea00000, 0x000000070ea00000, 0x000000070eb00000|  0%| F|  |TAMS 0x000000070ea00000, 0x000000070ea00000| Untracked 
| 181|0x000000070eb00000, 0x000000070eb00000, 0x000000070ec00000|  0%| F|  |TAMS 0x000000070eb00000, 0x000000070eb00000| Untracked 
| 182|0x000000070ec00000, 0x000000070ec00000, 0x000000070ed00000|  0%| F|  |TAMS 0x000000070ec00000, 0x000000070ec00000| Untracked 
| 183|0x000000070ed00000, 0x000000070ed00000, 0x000000070ee00000|  0%| F|  |TAMS 0x000000070ed00000, 0x000000070ed00000| Untracked 
| 184|0x000000070ee00000, 0x000000070ee00000, 0x000000070ef00000|  0%| F|  |TAMS 0x000000070ee00000, 0x000000070ee00000| Untracked 
| 185|0x000000070ef00000, 0x000000070ef00000, 0x000000070f000000|  0%| F|  |TAMS 0x000000070ef00000, 0x000000070ef00000| Untracked 
| 186|0x000000070f000000, 0x000000070f000000, 0x000000070f100000|  0%| F|  |TAMS 0x000000070f000000, 0x000000070f000000| Untracked 
| 187|0x000000070f100000, 0x000000070f100000, 0x000000070f200000|  0%| F|  |TAMS 0x000000070f100000, 0x000000070f100000| Untracked 
| 188|0x000000070f200000, 0x000000070f200000, 0x000000070f300000|  0%| F|  |TAMS 0x000000070f200000, 0x000000070f200000| Untracked 
| 189|0x000000070f300000, 0x000000070f300000, 0x000000070f400000|  0%| F|  |TAMS 0x000000070f300000, 0x000000070f300000| Untracked 
| 190|0x000000070f400000, 0x000000070f400000, 0x000000070f500000|  0%| F|  |TAMS 0x000000070f400000, 0x000000070f400000| Untracked 
| 191|0x000000070f500000, 0x000000070f500000, 0x000000070f600000|  0%| F|  |TAMS 0x000000070f500000, 0x000000070f500000| Untracked 
| 192|0x000000070f600000, 0x000000070f680800, 0x000000070f700000| 50%| E|  |TAMS 0x000000070f600000, 0x000000070f600000| Complete 
| 193|0x000000070f700000, 0x000000070f800000, 0x000000070f800000|100%| E|CS|TAMS 0x000000070f700000, 0x000000070f700000| Complete 
| 194|0x000000070f800000, 0x000000070f900000, 0x000000070f900000|100%| E|CS|TAMS 0x000000070f800000, 0x000000070f800000| Complete 
| 195|0x000000070f900000, 0x000000070fa00000, 0x000000070fa00000|100%| E|CS|TAMS 0x000000070f900000, 0x000000070f900000| Complete 
| 196|0x000000070fa00000, 0x000000070fb00000, 0x000000070fb00000|100%| E|CS|TAMS 0x000000070fa00000, 0x000000070fa00000| Complete 
| 197|0x000000070fb00000, 0x000000070fc00000, 0x000000070fc00000|100%| E|CS|TAMS 0x000000070fb00000, 0x000000070fb00000| Complete 
| 198|0x000000070fc00000, 0x000000070fd00000, 0x000000070fd00000|100%| E|CS|TAMS 0x000000070fc00000, 0x000000070fc00000| Complete 
| 199|0x000000070fd00000, 0x000000070fe00000, 0x000000070fe00000|100%| E|CS|TAMS 0x000000070fd00000, 0x000000070fd00000| Complete 
| 200|0x000000070fe00000, 0x000000070ff00000, 0x000000070ff00000|100%| E|CS|TAMS 0x000000070fe00000, 0x000000070fe00000| Complete 
| 201|0x000000070ff00000, 0x0000000710000000, 0x0000000710000000|100%| E|CS|TAMS 0x000000070ff00000, 0x000000070ff00000| Complete 
| 202|0x0000000710000000, 0x0000000710100000, 0x0000000710100000|100%| E|CS|TAMS 0x0000000710000000, 0x0000000710000000| Complete 
| 203|0x0000000710100000, 0x0000000710200000, 0x0000000710200000|100%| E|CS|TAMS 0x0000000710100000, 0x0000000710100000| Complete 
| 204|0x0000000710200000, 0x0000000710300000, 0x0000000710300000|100%| E|CS|TAMS 0x0000000710200000, 0x0000000710200000| Complete 
| 205|0x0000000710300000, 0x0000000710400000, 0x0000000710400000|100%| E|CS|TAMS 0x0000000710300000, 0x0000000710300000| Complete 
| 206|0x0000000710400000, 0x0000000710500000, 0x0000000710500000|100%| E|CS|TAMS 0x0000000710400000, 0x0000000710400000| Complete 
| 207|0x0000000710500000, 0x0000000710600000, 0x0000000710600000|100%| E|CS|TAMS 0x0000000710500000, 0x0000000710500000| Complete 
| 208|0x0000000710600000, 0x0000000710700000, 0x0000000710700000|100%| E|CS|TAMS 0x0000000710600000, 0x0000000710600000| Complete 
| 209|0x0000000710700000, 0x0000000710800000, 0x0000000710800000|100%| E|CS|TAMS 0x0000000710700000, 0x0000000710700000| Complete 
| 210|0x0000000710800000, 0x0000000710900000, 0x0000000710900000|100%| E|CS|TAMS 0x0000000710800000, 0x0000000710800000| Complete 
| 211|0x0000000710900000, 0x0000000710a00000, 0x0000000710a00000|100%| E|CS|TAMS 0x0000000710900000, 0x0000000710900000| Complete 
| 212|0x0000000710a00000, 0x0000000710b00000, 0x0000000710b00000|100%| E|CS|TAMS 0x0000000710a00000, 0x0000000710a00000| Complete 
| 213|0x0000000710b00000, 0x0000000710c00000, 0x0000000710c00000|100%| E|CS|TAMS 0x0000000710b00000, 0x0000000710b00000| Complete 
| 214|0x0000000710c00000, 0x0000000710d00000, 0x0000000710d00000|100%| E|CS|TAMS 0x0000000710c00000, 0x0000000710c00000| Complete 
| 215|0x0000000710d00000, 0x0000000710e00000, 0x0000000710e00000|100%| E|CS|TAMS 0x0000000710d00000, 0x0000000710d00000| Complete 
| 216|0x0000000710e00000, 0x0000000710f00000, 0x0000000710f00000|100%| E|CS|TAMS 0x0000000710e00000, 0x0000000710e00000| Complete 
| 217|0x0000000710f00000, 0x0000000711000000, 0x0000000711000000|100%| E|CS|TAMS 0x0000000710f00000, 0x0000000710f00000| Complete 
| 218|0x0000000711000000, 0x0000000711100000, 0x0000000711100000|100%| E|CS|TAMS 0x0000000711000000, 0x0000000711000000| Complete 
| 219|0x0000000711100000, 0x0000000711200000, 0x0000000711200000|100%| E|CS|TAMS 0x0000000711100000, 0x0000000711100000| Complete 
| 220|0x0000000711200000, 0x0000000711300000, 0x0000000711300000|100%| E|CS|TAMS 0x0000000711200000, 0x0000000711200000| Complete 
| 221|0x0000000711300000, 0x0000000711400000, 0x0000000711400000|100%| E|CS|TAMS 0x0000000711300000, 0x0000000711300000| Complete 
| 222|0x0000000711400000, 0x0000000711500000, 0x0000000711500000|100%| E|CS|TAMS 0x0000000711400000, 0x0000000711400000| Complete 
| 223|0x0000000711500000, 0x0000000711600000, 0x0000000711600000|100%| E|CS|TAMS 0x0000000711500000, 0x0000000711500000| Complete 
| 224|0x0000000711600000, 0x0000000711700000, 0x0000000711700000|100%| E|CS|TAMS 0x0000000711600000, 0x0000000711600000| Complete 
| 225|0x0000000711700000, 0x0000000711800000, 0x0000000711800000|100%| E|CS|TAMS 0x0000000711700000, 0x0000000711700000| Complete 
| 226|0x0000000711800000, 0x0000000711900000, 0x0000000711900000|100%| E|CS|TAMS 0x0000000711800000, 0x0000000711800000| Complete 
| 227|0x0000000711900000, 0x00000007119fadd8, 0x0000000711a00000| 97%| S|CS|TAMS 0x0000000711900000, 0x0000000711900000| Complete 
| 228|0x0000000711a00000, 0x0000000711b00000, 0x0000000711b00000|100%| S|CS|TAMS 0x0000000711a00000, 0x0000000711a00000| Complete 
| 229|0x0000000711b00000, 0x0000000711c00000, 0x0000000711c00000|100%| S|CS|TAMS 0x0000000711b00000, 0x0000000711b00000| Complete 
| 230|0x0000000711c00000, 0x0000000711d00000, 0x0000000711d00000|100%| E|CS|TAMS 0x0000000711c00000, 0x0000000711c00000| Complete 
| 231|0x0000000711d00000, 0x0000000711e00000, 0x0000000711e00000|100%| E|CS|TAMS 0x0000000711d00000, 0x0000000711d00000| Complete 
| 232|0x0000000711e00000, 0x0000000711f00000, 0x0000000711f00000|100%| E|CS|TAMS 0x0000000711e00000, 0x0000000711e00000| Complete 
| 233|0x0000000711f00000, 0x0000000712000000, 0x0000000712000000|100%| E|CS|TAMS 0x0000000711f00000, 0x0000000711f00000| Complete 
| 234|0x0000000712000000, 0x0000000712100000, 0x0000000712100000|100%| E|CS|TAMS 0x0000000712000000, 0x0000000712000000| Complete 
| 235|0x0000000712100000, 0x0000000712200000, 0x0000000712200000|100%| E|CS|TAMS 0x0000000712100000, 0x0000000712100000| Complete 
| 236|0x0000000712200000, 0x0000000712300000, 0x0000000712300000|100%| E|CS|TAMS 0x0000000712200000, 0x0000000712200000| Complete 
| 237|0x0000000712300000, 0x0000000712400000, 0x0000000712400000|100%| E|CS|TAMS 0x0000000712300000, 0x0000000712300000| Complete 
| 238|0x0000000712400000, 0x0000000712500000, 0x0000000712500000|100%| E|CS|TAMS 0x0000000712400000, 0x0000000712400000| Complete 
| 239|0x0000000712500000, 0x0000000712600000, 0x0000000712600000|100%| E|CS|TAMS 0x0000000712500000, 0x0000000712500000| Complete 
| 240|0x0000000712600000, 0x0000000712700000, 0x0000000712700000|100%| E|CS|TAMS 0x0000000712600000, 0x0000000712600000| Complete 
| 241|0x0000000712700000, 0x0000000712800000, 0x0000000712800000|100%| E|CS|TAMS 0x0000000712700000, 0x0000000712700000| Complete 
| 242|0x0000000712800000, 0x0000000712900000, 0x0000000712900000|100%| E|CS|TAMS 0x0000000712800000, 0x0000000712800000| Complete 
| 243|0x0000000712900000, 0x0000000712a00000, 0x0000000712a00000|100%| E|CS|TAMS 0x0000000712900000, 0x0000000712900000| Complete 
| 244|0x0000000712a00000, 0x0000000712b00000, 0x0000000712b00000|100%| E|CS|TAMS 0x0000000712a00000, 0x0000000712a00000| Complete 
| 245|0x0000000712b00000, 0x0000000712c00000, 0x0000000712c00000|100%| E|CS|TAMS 0x0000000712b00000, 0x0000000712b00000| Complete 
| 246|0x0000000712c00000, 0x0000000712d00000, 0x0000000712d00000|100%| E|CS|TAMS 0x0000000712c00000, 0x0000000712c00000| Complete 
| 247|0x0000000712d00000, 0x0000000712e00000, 0x0000000712e00000|100%| E|CS|TAMS 0x0000000712d00000, 0x0000000712d00000| Complete 
| 248|0x0000000712e00000, 0x0000000712f00000, 0x0000000712f00000|100%| E|CS|TAMS 0x0000000712e00000, 0x0000000712e00000| Complete 
| 249|0x0000000712f00000, 0x0000000713000000, 0x0000000713000000|100%| E|CS|TAMS 0x0000000712f00000, 0x0000000712f00000| Complete 
| 250|0x0000000713000000, 0x0000000713100000, 0x0000000713100000|100%| E|CS|TAMS 0x0000000713000000, 0x0000000713000000| Complete 
| 251|0x0000000713100000, 0x0000000713200000, 0x0000000713200000|100%| E|CS|TAMS 0x0000000713100000, 0x0000000713100000| Complete 
| 252|0x0000000713200000, 0x0000000713300000, 0x0000000713300000|100%| E|CS|TAMS 0x0000000713200000, 0x0000000713200000| Complete 
| 253|0x0000000713300000, 0x0000000713400000, 0x0000000713400000|100%| E|CS|TAMS 0x0000000713300000, 0x0000000713300000| Complete 

Card table byte_map: [0x000001f4abf90000,0x000001f4ac780000] _byte_map_base: 0x000001f4a8775000

Marking Bits (Prev, Next): (CMBitMap*) 0x000001f4940d1258, (CMBitMap*) 0x000001f4940d1298
 Prev Bits: [0x000001f4acf70000, 0x000001f4b0e98000)
 Next Bits: [0x000001f4b0ea0000, 0x000001f4b4dc8000)

Polling page: 0x000001f491fd0000

Metaspace:

Usage:
  Non-class:     15.30 MB capacity,    13.99 MB ( 91%) used,     1.23 MB (  8%) free+waste,    88.31 KB ( <1%) overhead. 
      Class:      2.73 MB capacity,     2.33 MB ( 85%) used,   369.97 KB ( 13%) free+waste,    46.06 KB (  2%) overhead. 
       Both:     18.04 MB capacity,    16.32 MB ( 90%) used,     1.59 MB (  9%) free+waste,   134.38 KB ( <1%) overhead. 

Virtual space:
  Non-class space:       16.00 MB reserved,      15.50 MB ( 97%) committed 
      Class space:        1.00 GB reserved,       2.75 MB ( <1%) committed 
             Both:        1.02 GB reserved,      18.25 MB (  2%) committed 

Chunk freelists:
   Non-Class:  1.38 KB
       Class:  0 bytes
        Both:  1.38 KB

CodeHeap 'non-profiled nmethods': size=120000Kb used=1705Kb max_used=1705Kb free=118294Kb
 bounds [0x000001f4a3f40000, 0x000001f4a41b0000, 0x000001f4ab470000]
CodeHeap 'profiled nmethods': size=120000Kb used=6371Kb max_used=6371Kb free=113628Kb
 bounds [0x000001f49ca10000, 0x000001f49d050000, 0x000001f4a3f40000]
CodeHeap 'non-nmethods': size=5760Kb used=1444Kb max_used=1603Kb free=4315Kb
 bounds [0x000001f49c470000, 0x000001f49c6e0000, 0x000001f49ca10000]
 total_blobs=4491 nmethods=3233 adapters=692
 compilation: enabled
              stopped_count=0, restarted_count=0
 full_count=0

Compilation events (10 events):
Event: 3.867 Thread 0x000001f4b795d800 3236       1       javafx.scene.Scene::access$2700 (5 bytes)
Event: 3.868 Thread 0x000001f4b795d800 nmethod 3236 0x000001f4a40ea110 code [0x000001f4a40ea2c0, 0x000001f4a40ea3b8]
Event: 3.881 Thread 0x000001f4b795d800 3237       3       javafx.stage.Window::buildEventDispatchChain (32 bytes)
Event: 3.882 Thread 0x000001f4b795d800 nmethod 3237 0x000001f49d045890 code [0x000001f49d045a80, 0x000001f49d045f20]
Event: 3.882 Thread 0x000001f4b795d800 3238       3       com.sun.javafx.event.EventRedirector::dispatchCapturingEvent (52 bytes)
Event: 3.882 Thread 0x000001f4b795d800 nmethod 3238 0x000001f49d046090 code [0x000001f49d0462a0, 0x000001f49d0469f0]
Event: 6.720 Thread 0x000001f4b795d800 3239       3       com.sun.javafx.tk.quantum.QuantumToolkit::postPulse (106 bytes)
Event: 6.722 Thread 0x000001f4b795d800 nmethod 3239 0x000001f49d046b90 code [0x000001f49d046ec0, 0x000001f49d047fe0]
Event: 6.722 Thread 0x000001f4b795d800 3240       3       com.sun.javafx.tk.quantum.QuantumToolkit$$Lambda$98/0x0000000801247840::run (8 bytes)
Event: 6.722 Thread 0x000001f4b795d800 nmethod 3240 0x000001f49d048610 code [0x000001f49d048820, 0x000001f49d048c50]

GC Heap History (2 events):
Event: 0.532 GC heap before
{Heap before GC invocations=0 (full 0):
 garbage-first heap   total 260096K, used 23552K [0x0000000703600000, 0x0000000800000000)
  region size 1024K, 24 young (24576K), 0 survivors (0K)
 Metaspace       used 5933K, capacity 8533K, committed 8704K, reserved 1056768K
  class space    used 707K, capacity 1004K, committed 1024K, reserved 1048576K
}
Event: 0.534 GC heap after
{Heap after GC invocations=1 (full 0):
 garbage-first heap   total 260096K, used 3051K [0x0000000703600000, 0x0000000800000000)
  region size 1024K, 3 young (3072K), 3 survivors (3072K)
 Metaspace       used 5933K, capacity 8533K, committed 8704K, reserved 1056768K
  class space    used 707K, capacity 1004K, committed 1024K, reserved 1048576K
}

Deoptimization events (10 events):
Event: 2.263 Thread 0x000001f4b8b86000 Uncommon trap: reason=array_check action=maybe_recompile pc=0x000001f4a40486b8 method=javafx.css.SimpleSelector.applies(Ljavafx/css/Styleable;[Ljava/util/Set;I)Z @ 37 c2
Event: 2.263 Thread 0x000001f4b8b86000 Uncommon trap: reason=array_check action=maybe_recompile pc=0x000001f4a40099f8 method=javafx.css.SimpleSelector.applies(Ljavafx/css/Styleable;[Ljava/util/Set;I)Z @ 37 c2
Event: 2.269 Thread 0x000001f4b8b86000 Uncommon trap: reason=class_check action=maybe_recompile pc=0x000001f4a4071b18 method=com.sun.javafx.collections.VetoableListDecorator.size()I @ 4 c2
Event: 2.269 Thread 0x000001f4b8b86000 Uncommon trap: reason=class_check action=maybe_recompile pc=0x000001f4a4071b18 method=com.sun.javafx.collections.VetoableListDecorator.size()I @ 4 c2
Event: 2.269 Thread 0x000001f4b8b86000 Uncommon trap: reason=class_check action=maybe_recompile pc=0x000001f4a4071b18 method=com.sun.javafx.collections.VetoableListDecorator.size()I @ 4 c2
Event: 2.270 Thread 0x000001f4b8b86000 Uncommon trap: reason=class_check action=maybe_recompile pc=0x000001f4a4071b18 method=com.sun.javafx.collections.VetoableListDecorator.size()I @ 4 c2
Event: 2.276 Thread 0x000001f4b8b86000 Uncommon trap: reason=unstable_if action=reinterpret pc=0x000001f4a400c584 method=java.lang.StrictMath.floorOrCeil(DDDD)D @ 38 c2
Event: 2.312 Thread 0x000001f4b8b86000 Uncommon trap: reason=unstable_if action=reinterpret pc=0x000001f4a4079cec method=java.util.concurrent.ConcurrentHashMap.putVal(Ljava/lang/Object;Ljava/lang/Object;Z)Ljava/lang/Object; @ 231 c2
Event: 3.469 Thread 0x000001f4b8935800 Uncommon trap: reason=unstable_if action=reinterpret pc=0x000001f4a40d2f5c method=com.sun.marlin.DRenderer._endRendering(IILcom/sun/marlin/MarlinAlphaConsumer;)V @ 2015 c2
Event: 3.469 Thread 0x000001f4b8935800 Uncommon trap: reason=unstable_if action=reinterpret pc=0x000001f4a40b9180 method=com.sun.marlin.DRenderer._endRendering(IILcom/sun/marlin/MarlinAlphaConsumer;)V @ 2015 c2

Classes redefined (0 events):
No events

Internal exceptions (10 events):
Event: 0.881 Thread 0x000001f4b8b86000 Exception <a 'java/lang/NoSuchMethodError'{0x000000071173f908}: java.lang.invoke.Invokers$Holder.linkToTargetMethod(Ljava/lang/Object;ILjava/lang/Object;)Ljava/lang/Object;> (0x000000071173f908) thrown at [t:/workspace/open/src/hotspot/share/interpreter/l
Event: 0.924 Thread 0x000001f4b8b86000 Exception <a 'java/lang/NoSuchMethodError'{0x00000007114a3a60}: java.lang.invoke.DirectMethodHandle$Holder.invokeInterface(Ljava/lang/Object;Ljava/lang/Object;Ljava/lang/Object;)Ljava/lang/Object;> (0x00000007114a3a60) thrown at [t:/workspace/open/src/hot
Event: 0.924 Thread 0x000001f4b8b86000 Exception <a 'java/lang/IncompatibleClassChangeError'{0x00000007114a68f0}: Found class java.lang.Object, but interface was expected> (0x00000007114a68f0) thrown at [t:/workspace/open/src/hotspot/share/interpreter/linkResolver.cpp, line 843]
Event: 1.280 Thread 0x000001f4b8935800 Exception <a 'java/lang/NoSuchMethodError'{0x000000071029e010}: java.lang.invoke.DirectMethodHandle$Holder.invokeStaticInit(Ljava/lang/Object;Ljava/lang/Object;)I> (0x000000071029e010) thrown at [t:/workspace/open/src/hotspot/share/interpreter/linkResolve
Event: 1.293 Thread 0x000001f4b8b86000 Exception <a 'java/lang/NoSuchMethodError'{0x000000071025a820}: java.lang.invoke.DirectMethodHandle$Holder.invokeStaticInit(Ljava/lang/Object;Ljava/lang/Object;Ljava/lang/Object;)J> (0x000000071025a820) thrown at [t:/workspace/open/src/hotspot/share/inter
Event: 1.295 Thread 0x000001f4b8b86000 Exception <a 'java/lang/NoSuchMethodError'{0x000000071026ed38}: java.lang.invoke.Invokers$Holder.linkToTargetMethod(Ljava/lang/Object;JLjava/lang/Object;)Ljava/lang/Object;> (0x000000071026ed38) thrown at [t:/workspace/open/src/hotspot/share/interpreter/l
Event: 1.408 Thread 0x000001f4b8935800 Exception <a 'java/lang/NoSuchMethodError'{0x000000070fd6de98}: java.lang.invoke.DirectMethodHandle$Holder.invokeStaticInit(Ljava/lang/Object;I)Ljava/lang/Object;> (0x000000070fd6de98) thrown at [t:/workspace/open/src/hotspot/share/interpreter/linkResolve
Event: 2.179 Thread 0x000001f4b8b86000 Exception <a 'java/lang/NoSuchMethodError'{0x000000070fb0bb88}: java.lang.invoke.DirectMethodHandle$Holder.invokeStatic(Ljava/lang/Object;Ljava/lang/Object;IIIIILjava/lang/Object;)Ljava/lang/Object;> (0x000000070fb0bb88) thrown at [t:/workspace/open/src/h
Event: 2.180 Thread 0x000001f4b8b86000 Exception <a 'java/lang/NoSuchMethodError'{0x000000070fb1b180}: java.lang.invoke.DirectMethodHandle$Holder.invokeStatic(Ljava/lang/Object;Ljava/lang/Object;Ljava/lang/Object;IIIII)Ljava/lang/Object;> (0x000000070fb1b180) thrown at [t:/workspace/open/src/h
Event: 2.180 Thread 0x000001f4b8b86000 Exception <a 'java/lang/NoSuchMethodError'{0x000000070fb21000}: java.lang.invoke.Invokers$Holder.linkToTargetMethod(Ljava/lang/Object;Ljava/lang/Object;IIIIILjava/lang/Object;)Ljava/lang/Object;> (0x000000070fb21000) thrown at [t:/workspace/open/src/hotsp

Events (10 events):
Event: 43.511 loading class com/sun/javafx/tk/quantum/QuantumRenderer
Event: 43.511 loading class com/sun/javafx/tk/quantum/QuantumRenderer done
Event: 43.511 loading class com/sun/javafx/tk/quantum/QuantumToolkit
Event: 43.511 loading class com/sun/javafx/tk/quantum/QuantumToolkit done
Event: 43.511 loading class java/util/LinkedList$ListItr
Event: 43.511 Thread 0x000001f4b883c000 DEOPT PACKING pc=0x000001f49cc92374 sp=0x00000064fbbff1e0
Event: 43.511 Thread 0x000001f4b883c000 DEOPT UNPACKING pc=0x000001f49c4aef4e sp=0x00000064fbbfe640 mode 1
Event: 43.511 Thread 0x000001f4b883c000 Thread exited: 0x000001f4b883c000
Event: 43.511 loading class java/util/LinkedList$ListItr done
Event: 43.512 Executing VM operation: Exit


Dynamic libraries:
0x00007ff6e1910000 - 0x00007ff6e191f000 	C:\Program Files\Java\jdk-12.0.2\bin\java.exe
0x00007ffe4f620000 - 0x00007ffe4f810000 	C:\Windows\SYSTEM32\ntdll.dll
0x00007ffe4de30000 - 0x00007ffe4dee2000 	C:\Windows\System32\KERNEL32.DLL
0x00007ffe4d030000 - 0x00007ffe4d2d3000 	C:\Windows\System32\KERNELBASE.dll
0x00007ffe4d310000 - 0x00007ffe4d40a000 	C:\Windows\System32\ucrtbase.dll
0x00007ffe486f0000 - 0x00007ffe48706000 	C:\Program Files\Java\jdk-12.0.2\bin\VCRUNTIME140.dll
0x00007ffe489a0000 - 0x00007ffe489b8000 	C:\Program Files\Java\jdk-12.0.2\bin\jli.dll
0x00007ffe4dae0000 - 0x00007ffe4db83000 	C:\Windows\System32\ADVAPI32.dll
0x00007ffe4ec40000 - 0x00007ffe4ecde000 	C:\Windows\System32\msvcrt.dll
0x00007ffe4ece0000 - 0x00007ffe4ed77000 	C:\Windows\System32\sechost.dll
0x00007ffe4dcf0000 - 0x00007ffe4de10000 	C:\Windows\System32\RPCRT4.dll
0x00007ffe4ef30000 - 0x00007ffe4f0c4000 	C:\Windows\System32\USER32.dll
0x00007ffe4d4d0000 - 0x00007ffe4d4f1000 	C:\Windows\System32\win32u.dll
0x00007ffe4def0000 - 0x00007ffe4df16000 	C:\Windows\System32\GDI32.dll
0x00007ffe4c610000 - 0x00007ffe4c7a4000 	C:\Windows\System32\gdi32full.dll
0x00007ffe4d410000 - 0x00007ffe4d4ae000 	C:\Windows\System32\msvcp_win.dll
0x00007ffe32d00000 - 0x00007ffe32f85000 	C:\Windows\WinSxS\amd64_microsoft.windows.common-controls_6595b64144ccf1df_6.0.18362.720_none_e6beb5c51314836b\COMCTL32.dll
0x00007ffe4d7a0000 - 0x00007ffe4dad6000 	C:\Windows\System32\combase.dll
0x00007ffe4d650000 - 0x00007ffe4d6d0000 	C:\Windows\System32\bcryptPrimitives.dll
0x00007ffe43580000 - 0x00007ffe4358a000 	C:\Windows\SYSTEM32\VERSION.dll
0x00007ffe4f180000 - 0x00007ffe4f1ae000 	C:\Windows\System32\IMM32.DLL
0x00007ffe3aaa0000 - 0x00007ffe3ab4a000 	C:\Program Files\Java\jdk-12.0.2\bin\msvcp140.dll
0x00007ffde2af0000 - 0x00007ffde3667000 	C:\Program Files\Java\jdk-12.0.2\bin\server\jvm.dll
0x00007ffe4de20000 - 0x00007ffe4de28000 	C:\Windows\System32\PSAPI.DLL
0x00007ffe45d60000 - 0x00007ffe45d69000 	C:\Windows\SYSTEM32\WSOCK32.dll
0x00007ffe4afc0000 - 0x00007ffe4afe4000 	C:\Windows\SYSTEM32\WINMM.dll
0x00007ffe4ebd0000 - 0x00007ffe4ec3f000 	C:\Windows\System32\WS2_32.dll
0x00007ffe4af90000 - 0x00007ffe4afbd000 	C:\Windows\SYSTEM32\WINMMBASE.dll
0x00007ffe4c7b0000 - 0x00007ffe4c7fa000 	C:\Windows\System32\cfgmgr32.dll
0x00007ffe4c4f0000 - 0x00007ffe4c501000 	C:\Windows\System32\kernel.appcore.dll
0x00007ffe486b0000 - 0x00007ffe486c1000 	C:\Program Files\Java\jdk-12.0.2\bin\verify.dll
0x00007ffe4ad90000 - 0x00007ffe4af84000 	C:\Windows\SYSTEM32\DBGHELP.DLL
0x00007ffe2dc30000 - 0x00007ffe2dc5a000 	C:\Windows\SYSTEM32\dbgcore.DLL
0x00007ffe3ab80000 - 0x00007ffe3aba6000 	C:\Program Files\Java\jdk-12.0.2\bin\java.dll
0x00007ffe35cb0000 - 0x00007ffe35ce8000 	C:\Program Files\Java\jdk-12.0.2\bin\jdwp.dll
0x00007ffe3ab70000 - 0x00007ffe3ab7e000 	C:\Program Files\Java\jdk-12.0.2\bin\instrument.dll
0x00007ffe3aa60000 - 0x00007ffe3aa77000 	C:\Program Files\Java\jdk-12.0.2\bin\zip.dll
0x00007ffe49f90000 - 0x00007ffe49f9a000 	C:\Program Files\Java\jdk-12.0.2\bin\jimage.dll
0x00007ffe4e460000 - 0x00007ffe4eb45000 	C:\Windows\System32\SHELL32.dll
0x00007ffe4f0d0000 - 0x00007ffe4f179000 	C:\Windows\System32\shcore.dll
0x00007ffe4c800000 - 0x00007ffe4cf80000 	C:\Windows\System32\windows.storage.dll
0x00007ffe4c510000 - 0x00007ffe4c533000 	C:\Windows\System32\profapi.dll
0x00007ffe4c540000 - 0x00007ffe4c58a000 	C:\Windows\System32\powrprof.dll
0x00007ffe4c4e0000 - 0x00007ffe4c4f0000 	C:\Windows\System32\UMPDC.dll
0x00007ffe4f360000 - 0x00007ffe4f3b2000 	C:\Windows\System32\shlwapi.dll
0x00007ffe4d4b0000 - 0x00007ffe4d4c7000 	C:\Windows\System32\cryptsp.dll
0x00007ffe3aa40000 - 0x00007ffe3aa59000 	C:\Program Files\Java\jdk-12.0.2\bin\net.dll
0x00007ffe4ab70000 - 0x00007ffe4ac61000 	C:\Windows\SYSTEM32\WINHTTP.dll
0x00007ffe34a00000 - 0x00007ffe34bd5000 	C:\Windows\SYSTEM32\urlmon.dll
0x00007ffe351f0000 - 0x00007ffe35496000 	C:\Windows\SYSTEM32\iertutil.dll
0x00007ffe4bf20000 - 0x00007ffe4bf2c000 	C:\Windows\SYSTEM32\CRYPTBASE.DLL
0x00007ffe4bd50000 - 0x00007ffe4bdb7000 	C:\Windows\system32\mswsock.dll
0x00007ffe39f60000 - 0x00007ffe39f73000 	C:\Program Files\Java\jdk-12.0.2\bin\nio.dll
0x00007ffe39ea0000 - 0x00007ffe39eaa000 	C:\Program Files\Java\jdk-12.0.2\bin\dt_socket.dll
0x000001f492010000 - 0x000001f492013000 	C:\Program Files\Java\javafx-sdk-11.0.2\bin\api-ms-win-core-console-l1-1-0.dll
0x000001f492020000 - 0x000001f492023000 	C:\Program Files\Java\javafx-sdk-11.0.2\bin\api-ms-win-core-datetime-l1-1-0.dll
0x000001f492030000 - 0x000001f492033000 	C:\Program Files\Java\javafx-sdk-11.0.2\bin\api-ms-win-core-debug-l1-1-0.dll
0x000001f492040000 - 0x000001f492043000 	C:\Program Files\Java\javafx-sdk-11.0.2\bin\api-ms-win-core-errorhandling-l1-1-0.dll
0x000001f492050000 - 0x000001f492054000 	C:\Program Files\Java\javafx-sdk-11.0.2\bin\api-ms-win-core-file-l1-1-0.dll
0x000001f492060000 - 0x000001f492063000 	C:\Program Files\Java\javafx-sdk-11.0.2\bin\api-ms-win-core-file-l1-2-0.dll
0x000001f492070000 - 0x000001f492073000 	C:\Program Files\Java\javafx-sdk-11.0.2\bin\api-ms-win-core-file-l2-1-0.dll
0x000001f492080000 - 0x000001f492083000 	C:\Program Files\Java\javafx-sdk-11.0.2\bin\api-ms-win-core-handle-l1-1-0.dll
0x000001f493f80000 - 0x000001f493f83000 	C:\Program Files\Java\javafx-sdk-11.0.2\bin\api-ms-win-core-heap-l1-1-0.dll
0x000001f493f90000 - 0x000001f493f93000 	C:\Program Files\Java\javafx-sdk-11.0.2\bin\api-ms-win-core-interlocked-l1-1-0.dll
0x000001f493fa0000 - 0x000001f493fa3000 	C:\Program Files\Java\javafx-sdk-11.0.2\bin\api-ms-win-core-libraryloader-l1-1-0.dll
0x000001f493fb0000 - 0x000001f493fb3000 	C:\Program Files\Java\javafx-sdk-11.0.2\bin\api-ms-win-core-localization-l1-2-0.dll
0x000001f493fc0000 - 0x000001f493fc3000 	C:\Program Files\Java\javafx-sdk-11.0.2\bin\api-ms-win-core-memory-l1-1-0.dll
0x000001f493fd0000 - 0x000001f493fd3000 	C:\Program Files\Java\javafx-sdk-11.0.2\bin\api-ms-win-core-namedpipe-l1-1-0.dll
0x000001f493fe0000 - 0x000001f493fe3000 	C:\Program Files\Java\javafx-sdk-11.0.2\bin\api-ms-win-core-processenvironment-l1-1-0.dll
0x000001f493ff0000 - 0x000001f493ff3000 	C:\Program Files\Java\javafx-sdk-11.0.2\bin\api-ms-win-core-processthreads-l1-1-0.dll
0x000001f494000000 - 0x000001f494003000 	C:\Program Files\Java\javafx-sdk-11.0.2\bin\api-ms-win-core-processthreads-l1-1-1.dll
0x000001f494010000 - 0x000001f494013000 	C:\Program Files\Java\javafx-sdk-11.0.2\bin\api-ms-win-core-profile-l1-1-0.dll
0x000001f494020000 - 0x000001f494023000 	C:\Program Files\Java\javafx-sdk-11.0.2\bin\api-ms-win-core-rtlsupport-l1-1-0.dll
0x000001f494030000 - 0x000001f494033000 	C:\Program Files\Java\javafx-sdk-11.0.2\bin\api-ms-win-core-string-l1-1-0.dll
0x000001f4b8e60000 - 0x000001f4b8e63000 	C:\Program Files\Java\javafx-sdk-11.0.2\bin\api-ms-win-core-synch-l1-1-0.dll
0x000001f4b8e70000 - 0x000001f4b8e73000 	C:\Program Files\Java\javafx-sdk-11.0.2\bin\api-ms-win-core-synch-l1-2-0.dll
0x000001f4b8e80000 - 0x000001f4b8e83000 	C:\Program Files\Java\javafx-sdk-11.0.2\bin\api-ms-win-core-sysinfo-l1-1-0.dll
0x000001f4b8e90000 - 0x000001f4b8e93000 	C:\Program Files\Java\javafx-sdk-11.0.2\bin\api-ms-win-core-timezone-l1-1-0.dll
0x000001f4b8ea0000 - 0x000001f4b8ea3000 	C:\Program Files\Java\javafx-sdk-11.0.2\bin\api-ms-win-core-util-l1-1-0.dll
0x000001f4b8eb0000 - 0x000001f4b8eb3000 	C:\Program Files\Java\javafx-sdk-11.0.2\bin\api-ms-win-crt-conio-l1-1-0.dll
0x000001f4b8ec0000 - 0x000001f4b8ec4000 	C:\Program Files\Java\javafx-sdk-11.0.2\bin\api-ms-win-crt-convert-l1-1-0.dll
0x000001f4b8ed0000 - 0x000001f4b8ed3000 	C:\Program Files\Java\javafx-sdk-11.0.2\bin\api-ms-win-crt-environment-l1-1-0.dll
0x000001f4b8ee0000 - 0x000001f4b8ee3000 	C:\Program Files\Java\javafx-sdk-11.0.2\bin\api-ms-win-crt-filesystem-l1-1-0.dll
0x000001f4b8ef0000 - 0x000001f4b8ef3000 	C:\Program Files\Java\javafx-sdk-11.0.2\bin\api-ms-win-crt-heap-l1-1-0.dll
0x000001f4b8f00000 - 0x000001f4b8f03000 	C:\Program Files\Java\javafx-sdk-11.0.2\bin\api-ms-win-crt-locale-l1-1-0.dll
0x000001f4b8f10000 - 0x000001f4b8f15000 	C:\Program Files\Java\javafx-sdk-11.0.2\bin\api-ms-win-crt-math-l1-1-0.dll
0x000001f4b8f20000 - 0x000001f4b8f25000 	C:\Program Files\Java\javafx-sdk-11.0.2\bin\api-ms-win-crt-multibyte-l1-1-0.dll
0x000001f4b8f30000 - 0x000001f4b8f40000 	C:\Program Files\Java\javafx-sdk-11.0.2\bin\api-ms-win-crt-private-l1-1-0.dll
0x000001f4b8f40000 - 0x000001f4b8f43000 	C:\Program Files\Java\javafx-sdk-11.0.2\bin\api-ms-win-crt-process-l1-1-0.dll
0x000001f4b8f50000 - 0x000001f4b8f54000 	C:\Program Files\Java\javafx-sdk-11.0.2\bin\api-ms-win-crt-runtime-l1-1-0.dll
0x000001f4b8f60000 - 0x000001f4b8f64000 	C:\Program Files\Java\javafx-sdk-11.0.2\bin\api-ms-win-crt-stdio-l1-1-0.dll
0x000001f4b8f70000 - 0x000001f4b8f74000 	C:\Program Files\Java\javafx-sdk-11.0.2\bin\api-ms-win-crt-string-l1-1-0.dll
0x000001f4b8f80000 - 0x000001f4b8f83000 	C:\Program Files\Java\javafx-sdk-11.0.2\bin\api-ms-win-crt-time-l1-1-0.dll
0x000001f4b8f90000 - 0x000001f4b8f93000 	C:\Program Files\Java\javafx-sdk-11.0.2\bin\api-ms-win-crt-utility-l1-1-0.dll
0x00007ffe29850000 - 0x00007ffe2994a000 	C:\Program Files\Java\javafx-sdk-11.0.2\bin\ucrtbase.dll
0x00007ffe35a80000 - 0x00007ffe35a96000 	C:\Program Files\Java\javafx-sdk-11.0.2\bin\vcruntime140.dll
0x00007ffe0f150000 - 0x00007ffe0f1f6000 	C:\Program Files\Java\javafx-sdk-11.0.2\bin\msvcp140.dll
0x00007ffe2a1d0000 - 0x00007ffe2a221000 	C:\Program Files\Java\javafx-sdk-11.0.2\bin\concrt140.dll
0x00007ffe29820000 - 0x00007ffe29843000 	C:\Program Files\Java\javafx-sdk-11.0.2\bin\prism_d3d.dll
0x00007ffe39cb0000 - 0x00007ffe39e77000 	C:\Windows\system32\d3d9.dll
0x00007ffe4a380000 - 0x00007ffe4a3ad000 	C:\Windows\SYSTEM32\dwmapi.dll
0x00007ffe4b150000 - 0x00007ffe4b170000 	C:\Windows\SYSTEM32\dxcore.dll
0x00007ffe4a290000 - 0x00007ffe4a329000 	C:\Windows\system32\uxtheme.dll
0x00007ffe05640000 - 0x00007ffe05800000 	C:\Windows\System32\DriverStore\FileRepository\iigd_dch.inf_amd64_63a6108e9130f1a1\igdumdim64.dll
0x00007ffe41e40000 - 0x00007ffe41f92000 	C:\Windows\System32\DriverStore\FileRepository\iigd_dch.inf_amd64_63a6108e9130f1a1\igdgmm64.dll
0x00007ffe297d0000 - 0x00007ffe29815000 	C:\Program Files\Java\javafx-sdk-11.0.2\bin\glass.dll
0x00007ffe4e390000 - 0x00007ffe4e460000 	C:\Windows\System32\COMDLG32.dll
0x00007ffe4db90000 - 0x00007ffe4dce7000 	C:\Windows\System32\ole32.dll
0x00007ffe4d6d0000 - 0x00007ffe4d794000 	C:\Windows\System32\OLEAUT32.dll
0x00007ffe4ed80000 - 0x00007ffe4eeb6000 	C:\Windows\System32\MSCTF.dll
0x00007ffdcde50000 - 0x00007ffdd1a2b000 	C:\Windows\System32\DriverStore\FileRepository\iigd_dch.inf_amd64_63a6108e9130f1a1\igd9dxva64.dll
0x00007ffe38470000 - 0x00007ffe38492000 	C:\Windows\System32\DriverStore\FileRepository\iigd_dch.inf_amd64_63a6108e9130f1a1\igdinfo64.dll
0x00007ffe3fae0000 - 0x00007ffe41e36000 	C:\Windows\System32\DriverStore\FileRepository\iigd_dch.inf_amd64_63a6108e9130f1a1\igc64.dll
0x00007ffe2dfd0000 - 0x00007ffe2dfe4000 	C:\Program Files\Java\javafx-sdk-11.0.2\bin\javafx_font.dll
0x00007ffe1c1a0000 - 0x00007ffe1c49e000 	C:\Windows\SYSTEM32\dwrite.dll
0x00007ffe4f530000 - 0x00007ffe4f5d2000 	C:\Windows\System32\clbcatq.dll
0x00007ffe46f50000 - 0x00007ffe470ff000 	C:\Windows\SYSTEM32\WindowsCodecs.dll
0x00007ffe1a8e0000 - 0x00007ffe1a91a000 	C:\Windows\system32\dataexchange.dll
0x00007ffe498a0000 - 0x00007ffe49a7b000 	C:\Windows\system32\dcomp.dll
0x00007ffe491e0000 - 0x00007ffe4943b000 	C:\Windows\system32\d3d11.dll
0x00007ffe4b1e0000 - 0x00007ffe4b2cb000 	C:\Windows\system32\dxgi.dll
0x00007ffe4a3b0000 - 0x00007ffe4a60a000 	C:\Windows\system32\twinapi.appcore.dll
0x00007ffe4a890000 - 0x00007ffe4a8b9000 	C:\Windows\system32\RMCLIENT.dll
0x00007ffe296b0000 - 0x00007ffe296e3000 	C:\Program Files\Common Files\Microsoft Shared\Ink\rtscom.dll
0x00007ffe1f0a0000 - 0x00007ffe1f13e000 	C:\Windows\System32\TextInputFramework.dll
0x00007ffe49df0000 - 0x00007ffe49ec4000 	C:\Windows\System32\CoreMessaging.dll
0x00007ffe47340000 - 0x00007ffe4766a000 	C:\Windows\System32\CoreUIComponents.dll
0x00007ffe4b540000 - 0x00007ffe4b571000 	C:\Windows\SYSTEM32\ntmarta.dll

dbghelp: loaded successfully - version: 4.0.5 - missing functions: none
symbol engine: initialized successfully - sym options: 0x614 - pdb path: .;C:\Program Files\Java\jdk-12.0.2\bin;C:\Windows\SYSTEM32;C:\Windows\WinSxS\amd64_microsoft.windows.common-controls_6595b64144ccf1df_6.0.18362.720_none_e6beb5c51314836b;C:\Program Files\Java\jdk-12.0.2\bin\server;C:\Program Files\Java\javafx-sdk-11.0.2\bin;C:\Windows\System32\DriverStore\FileRepository\iigd_dch.inf_amd64_63a6108e9130f1a1;C:\Program Files\Common Files\Microsoft Shared\Ink

VM Arguments:
jvm_args: -agentlib:jdwp=transport=dt_socket,address=127.0.0.1:64821,suspend=y,server=n --add-modules=javafx.base,javafx.graphics --add-reads=javafx.base=ALL-UNNAMED --add-reads=javafx.graphics=ALL-UNNAMED -javaagent:C:\Users\danie\.IdeaIC2019.3\system\captureAgent\debugger-agent.jar -Dfile.encoding=UTF-8 --module-path=C:\Program Files\Java\javafx-sdk-11.0.2\lib\javafx.base.jar;C:\Program Files\Java\javafx-sdk-11.0.2\lib\javafx.graphics.jar;C:\Users\danie\IdeaProjects\MakeMyManual\out\production\MakeMyManual;C:\Program Files\Java\javafx-sdk-11.0.2\lib\javafx-swt.jar;C:\Program Files\Java\javafx-sdk-11.0.2\lib\javafx.controls.jar;C:\Program Files\Java\javafx-sdk-11.0.2\lib\javafx.fxml.jar;C:\Program Files\Java\javafx-sdk-11.0.2\lib\javafx.media.jar;C:\Program Files\Java\javafx-sdk-11.0.2\lib\javafx.swing.jar;C:\Program Files\Java\javafx-sdk-11.0.2\lib\javafx.web.jar -Djdk.module.main=MakeMyManual 
java_command: MakeMyManual/display.Main
java_class_path (initial): C:\Program Files\JetBrains\IntelliJ IDEA Community Edition 2019.3.3\lib\idea_rt.jar
Launcher Type: SUN_STANDARD

[Global flags]
     intx CICompilerCount                          = 4                                         {product} {ergonomic}
     uint ConcGCThreads                            = 2                                         {product} {ergonomic}
     uint G1ConcRefinementThreads                  = 8                                         {product} {ergonomic}
   size_t G1HeapRegionSize                         = 1048576                                   {product} {ergonomic}
    uintx GCDrainStackTargetSize                   = 64                                        {product} {ergonomic}
   size_t InitialHeapSize                          = 266338304                                 {product} {ergonomic}
   size_t MarkStackSize                            = 4194304                                   {product} {ergonomic}
   size_t MaxHeapSize                              = 4238344192                                {product} {ergonomic}
   size_t MaxNewSize                               = 2542796800                                {product} {ergonomic}
   size_t MinHeapDeltaBytes                        = 1048576                                   {product} {ergonomic}
    uintx NonNMethodCodeHeapSize                   = 5836300                                {pd product} {ergonomic}
    uintx NonProfiledCodeHeapSize                  = 122910970                              {pd product} {ergonomic}
    uintx ProfiledCodeHeapSize                     = 122910970                              {pd product} {ergonomic}
    uintx ReservedCodeCacheSize                    = 251658240                              {pd product} {ergonomic}
     bool SegmentedCodeCache                       = true                                      {product} {ergonomic}
     bool UseCompressedClassPointers               = true                                 {lp64_product} {ergonomic}
     bool UseCompressedOops                        = true                                 {lp64_product} {ergonomic}
     bool UseG1GC                                  = true                                      {product} {ergonomic}
     bool UseLargePagesIndividualAllocation        = false                                  {pd product} {ergonomic}

Logging:
Log output configuration:
 #0: stdout all=warning uptime,level,tags
 #1: stderr all=off uptime,level,tags

Environment Variables:
PATH=C:\Program Files (x86)\NVIDIA Corporation\PhysX\Common;C:\Windows\system32;C:\Windows;C:\Windows\System32\Wbem;C:\Windows\System32\WindowsPowerShell\v1.0\;C:\Windows\System32\OpenSSH\;C:\Program Files\Git\cmd;C:\Program Files\Git\mingw64\bin;C:\Program Files\Git\usr\bin;C:\Program Files\PuTTY\;C:\Program Files\MiKTeX 2.9\miktex\bin\x64\;C:\Strawberry\c\bin;C:\Strawberry\perl\site\bin;C:\Strawberry\perl\bin;C:\Program Files\Java\jdk-13\bin;C:\Users\danie\AppData\Local\GitHubDesktop\bin;C:\Program Files\Microsoft VS Code\bin
USERNAME=danie
OS=Windows_NT
PROCESSOR_IDENTIFIER=Intel64 Family 6 Model 142 Stepping 12, GenuineIntel



---------------  S Y S T E M  ---------------

OS: Windows 10 , 64 bit Build 18362 (10.0.18362.329)

CPU:total 8 (initial active 8) (4 cores per cpu, 2 threads per core) family 6 model 142 stepping 12, cmov, cx8, fxsr, mmx, sse, sse2, sse3, ssse3, sse4.1, sse4.2, popcnt, avx, avx2, aes, clmul, erms, 3dnowpref, lzcnt, ht, tsc, tscinvbit, bmi1, bmi2, adx, fma

Memory: 4k page, system-wide physical 16167M (6821M free)
TotalPageFile size 27943M (AvailPageFile size 9545M)
current process WorkingSet (physical memory assigned to process): 178M, peak: 257M
current process commit charge ("private bytes"): 430M, peak: 505M

vm_info: Java HotSpot(TM) 64-Bit Server VM (12.0.2+10) for windows-amd64 JRE (12.0.2+10), built on Jul 16 2019 01:56:17 by "mach5one" with MS VC++ 15.5 (VS2017)

END.
